<?xml version="1.0" encoding="UTF-8"?>
<testsuites name="Mocha Tests" time="5.431" tests="1" failures="0">
  <testsuite name="Root Suite" timestamp="2025-03-05T13:43:25" tests="0" file="cypress\e2e\checkoutoverview.cy.js" time="0.000" failures="0">
  </testsuite>
  <testsuite name="Test dela page de paiement" timestamp="2025-03-05T13:43:25" tests="1" time="5.423" failures="0">
    <testcase name="Test dela page de paiement Vérifier que le prix total est visible" time="3.420" classname="Vérifier que le prix total est visible">
    </testcase>
  </testsuite>
</testsuites>